<?xml version="1.0" encoding="UTF-8"?>
<!-- Generated by org.testng.reporters.JUnitReportReporter -->
<testsuite hostname="NavratanJangid" failures="0" tests="2" name="com.mycompany.app.AppiumTest" time="0.005" errors="0" timestamp="2020-03-01T00:59:14 GMT" skipped="0">
  <testcase classname="com.mycompany.app.AppiumTest" name="HybridAutomation" time="0.005"/>
  <system-out/>
  <testcase classname="com.mycompany.app.AppiumTest" name="NativeAutomation" time="0.000"/>
  <system-out/>
</testsuite> <!-- com.mycompany.app.AppiumTest -->
