<?xml version="1.0" encoding="UTF-8"?>
<!-- Generated by org.testng.reporters.JUnitReportReporter -->
<testsuite hostname="NavratanJangid" failures="0" tests="2" name="com.mycompany.app.SeleniumTest" time="0.002" errors="0" timestamp="2020-03-01T00:55:45 GMT" skipped="0">
  <testcase classname="com.mycompany.app.SeleniumTest" name="ElementsAutomation" time="0.001"/>
  <system-out/>
  <testcase classname="com.mycompany.app.SeleniumTest" name="BrowserAutomation" time="0.001"/>
  <system-out/>
</testsuite> <!-- com.mycompany.app.SeleniumTest -->
