<?xml version="1.0" encoding="UTF-8"?>
<!-- Generated by org.testng.reporters.JUnitReportReporter -->
<testsuite hostname="NavratanJangid" failures="0" tests="2" name="com.mycompany.app.RestApiTest" time="0.000" errors="0" timestamp="2020-03-01T00:52:45 GMT" skipped="0">
  <testcase classname="com.mycompany.app.RestApiTest" name="APIAutomation" time="0.000"/>
  <system-out/>
  <testcase classname="com.mycompany.app.RestApiTest" name="RestApiAutomation" time="0.000"/>
  <system-out/>
</testsuite> <!-- com.mycompany.app.RestApiTest -->
